{"total": {"lines":{"total":174,"covered":125,"skipped":0,"pct":71.84},"statements":{"total":187,"covered":133,"skipped":0,"pct":71.12},"functions":{"total":39,"covered":32,"skipped":0,"pct":82.05},"branches":{"total":90,"covered":54,"skipped":0,"pct":60}}
,"/Users/esteban/node-memcached/server/src/cache.js": {"lines":{"total":79,"covered":49,"skipped":0,"pct":62.03},"functions":{"total":19,"covered":15,"skipped":0,"pct":78.95},"statements":{"total":86,"covered":52,"skipped":0,"pct":60.47},"branches":{"total":43,"covered":21,"skipped":0,"pct":48.84}}
,"/Users/esteban/node-memcached/server/src/models.js": {"lines":{"total":3,"covered":3,"skipped":0,"pct":100},"functions":{"total":0,"covered":0,"skipped":0,"pct":100},"statements":{"total":3,"covered":3,"skipped":0,"pct":100},"branches":{"total":0,"covered":0,"skipped":0,"pct":100}}
,"/Users/esteban/node-memcached/server/src/parser.js": {"lines":{"total":37,"covered":26,"skipped":0,"pct":70.27},"functions":{"total":6,"covered":5,"skipped":0,"pct":83.33},"statements":{"total":40,"covered":28,"skipped":0,"pct":70},"branches":{"total":23,"covered":15,"skipped":0,"pct":65.22}}
,"/Users/esteban/node-memcached/server/src/record.js": {"lines":{"total":12,"covered":12,"skipped":0,"pct":100},"functions":{"total":2,"covered":2,"skipped":0,"pct":100},"statements":{"total":12,"covered":12,"skipped":0,"pct":100},"branches":{"total":6,"covered":6,"skipped":0,"pct":100}}
,"/Users/esteban/node-memcached/server/src/server.js": {"lines":{"total":43,"covered":35,"skipped":0,"pct":81.4},"functions":{"total":12,"covered":10,"skipped":0,"pct":83.33},"statements":{"total":46,"covered":38,"skipped":0,"pct":82.61},"branches":{"total":18,"covered":12,"skipped":0,"pct":66.67}}
}
