{"total": {"lines":{"total":186,"covered":96,"skipped":0,"pct":51.61},"statements":{"total":198,"covered":101,"skipped":0,"pct":51.01},"functions":{"total":37,"covered":24,"skipped":0,"pct":64.86},"branches":{"total":88,"covered":36,"skipped":0,"pct":40.91}}
,"/Users/esteban/node-memcached/server/src/cache.js": {"lines":{"total":95,"covered":29,"skipped":0,"pct":30.53},"functions":{"total":17,"covered":8,"skipped":0,"pct":47.06},"statements":{"total":101,"covered":30,"skipped":0,"pct":29.7},"branches":{"total":43,"covered":12,"skipped":0,"pct":27.91}}
,"/Users/esteban/node-memcached/server/src/models.js": {"lines":{"total":3,"covered":3,"skipped":0,"pct":100},"functions":{"total":0,"covered":0,"skipped":0,"pct":100},"statements":{"total":3,"covered":3,"skipped":0,"pct":100},"branches":{"total":0,"covered":0,"skipped":0,"pct":100}}
,"/Users/esteban/node-memcached/server/src/parser.js": {"lines":{"total":35,"covered":26,"skipped":0,"pct":74.29},"functions":{"total":6,"covered":5,"skipped":0,"pct":83.33},"statements":{"total":38,"covered":28,"skipped":0,"pct":73.68},"branches":{"total":22,"covered":14,"skipped":0,"pct":63.64}}
,"/Users/esteban/node-memcached/server/src/record.js": {"lines":{"total":12,"covered":10,"skipped":0,"pct":83.33},"functions":{"total":2,"covered":2,"skipped":0,"pct":100},"statements":{"total":12,"covered":10,"skipped":0,"pct":83.33},"branches":{"total":6,"covered":4,"skipped":0,"pct":66.67}}
,"/Users/esteban/node-memcached/server/src/server.js": {"lines":{"total":41,"covered":28,"skipped":0,"pct":68.29},"functions":{"total":12,"covered":9,"skipped":0,"pct":75},"statements":{"total":44,"covered":30,"skipped":0,"pct":68.18},"branches":{"total":17,"covered":6,"skipped":0,"pct":35.29}}
}
